This is pdfTeX, Version 3.1415926-2.5-1.40.14 (TeX Live 2013/Debian) (format=pdflatex 2014.3.31)  6 APR 2014 20:21
entering extended mode
 restricted \write18 enabled.
 %&-line parsing enabled.
**BP.tex
(./BP.tex
LaTeX2e <2011/06/27>
Babel <3.9f> and hyphenation patterns for 4 languages loaded.
(/usr/share/texlive/texmf-dist/tex/latex/base/article.cls
Document Class: article 2007/10/19 v1.4h Standard LaTeX document class
(/usr/share/texlive/texmf-dist/tex/latex/base/size12.clo
File: size12.clo 2007/10/19 v1.4h Standard LaTeX file (size option)
)
\c@part=\count79
\c@section=\count80
\c@subsection=\count81
\c@subsubsection=\count82
\c@paragraph=\count83
\c@subparagraph=\count84
\c@figure=\count85
\c@table=\count86
\abovecaptionskip=\skip41
\belowcaptionskip=\skip42
\bibindent=\dimen102
)
(/usr/share/texlive/texmf-dist/tex/latex/a4wide/a4wide.sty
Package: a4wide 1994/08/30

(/usr/share/texlive/texmf-dist/tex/latex/ntgclass/a4.sty
Package: a4 2004/04/15 v1.2g A4 based page layout
))
(/usr/share/texlive/texmf-dist/tex/latex/ucs/ucs.sty
Package: ucs 2013/05/11 v2.2 UCS: Unicode input support

(/usr/share/texlive/texmf-dist/tex/latex/ucs/data/uni-global.def
File: uni-global.def 2013/05/13 UCS: Unicode global data
)
\uc@secondtry=\count87
\uc@combtoks=\toks14
\uc@combtoksb=\toks15
\uc@temptokena=\toks16
)
(/usr/share/texlive/texmf-dist/tex/latex/base/inputenc.sty
Package: inputenc 2008/03/30 v1.1d Input encoding file
\inpenc@prehook=\toks17
\inpenc@posthook=\toks18

(/usr/share/texlive/texmf-dist/tex/latex/ucs/utf8x.def
File: utf8x.def 2004/10/17 UCS: Input encoding UTF-8
))
(/usr/share/texmf/tex/latex/xcolor/xcolor.sty
Package: xcolor 2007/01/21 v2.11 LaTeX color extensions (UK)

(/usr/share/texlive/texmf-dist/tex/latex/latexconfig/color.cfg
File: color.cfg 2007/01/18 v1.5 color configuration of teTeX/TeXLive
)
Package xcolor Info: Driver file: pdftex.def on input line 225.

(/usr/share/texlive/texmf-dist/tex/latex/pdftex-def/pdftex.def
File: pdftex.def 2011/05/27 v0.06d Graphics/color for pdfTeX

(/usr/share/texlive/texmf-dist/tex/generic/oberdiek/infwarerr.sty
Package: infwarerr 2010/04/08 v1.3 Providing info/warning/error messages (HO)
)
(/usr/share/texlive/texmf-dist/tex/generic/oberdiek/ltxcmds.sty
Package: ltxcmds 2011/11/09 v1.22 LaTeX kernel commands for general use (HO)
)
\Gread@gobject=\count88
)
Package xcolor Info: Model `cmy' substituted by `cmy0' on input line 1337.
Package xcolor Info: Model `hsb' substituted by `rgb' on input line 1341.
Package xcolor Info: Model `RGB' extended on input line 1353.
Package xcolor Info: Model `HTML' substituted by `rgb' on input line 1355.
Package xcolor Info: Model `Hsb' substituted by `hsb' on input line 1356.
Package xcolor Info: Model `tHsb' substituted by `hsb' on input line 1357.
Package xcolor Info: Model `HSB' substituted by `hsb' on input line 1358.
Package xcolor Info: Model `Gray' substituted by `gray' on input line 1359.
Package xcolor Info: Model `wave' substituted by `hsb' on input line 1360.
)
(/usr/share/texlive/texmf-dist/tex/generic/babel/babel.sty
Package: babel 2013/05/16 v3.9f The Babel package

(/usr/share/texlive/texmf-dist/tex/generic/babel-czech/czech.ldf
Language: czech 2008/07/06 v3.1a Czech support from the babel system

(/usr/share/texlive/texmf-dist/tex/generic/babel/babel.def
File: babel.def 2013/05/16 v3.9f Babel common definitions
\babel@savecnt=\count89
\U@D=\dimen103
)
Package babel Info: Making " an active character on input line 172.
\cs@wordlen=\count90
Package babel Info: Making - an active character on input line 226.
)
(/usr/share/texlive/texmf-dist/tex/generic/babel-english/english.ldf
Language: english 2012/08/20 v3.3p English support from the babel system
\l@british = a dialect from \language\l@english 
\l@UKenglish = a dialect from \language\l@english 
\l@canadian = a dialect from \language\l@american 
\l@australian = a dialect from \language\l@british 
\l@newzealand = a dialect from \language\l@british 
))
(/usr/share/texlive/texmf-dist/tex/latex/graphics/graphicx.sty
Package: graphicx 1999/02/16 v1.0f Enhanced LaTeX Graphics (DPC,SPQR)

(/usr/share/texlive/texmf-dist/tex/latex/graphics/keyval.sty
Package: keyval 1999/03/16 v1.13 key=value parser (DPC)
\KV@toks@=\toks19
)
(/usr/share/texlive/texmf-dist/tex/latex/graphics/graphics.sty
Package: graphics 2009/02/05 v1.0o Standard LaTeX Graphics (DPC,SPQR)

(/usr/share/texlive/texmf-dist/tex/latex/graphics/trig.sty
Package: trig 1999/03/16 v1.09 sin cos tan (DPC)
)
(/usr/share/texlive/texmf-dist/tex/latex/latexconfig/graphics.cfg
File: graphics.cfg 2010/04/23 v1.9 graphics configuration of TeX Live
)
Package graphics Info: Driver file: pdftex.def on input line 91.
)
\Gin@req@height=\dimen104
\Gin@req@width=\dimen105
)
(/usr/share/texlive/texmf-dist/tex/latex/base/alltt.sty
Package: alltt 1997/06/16 v2.0g defines alltt environment
)
(/usr/share/texlive/texmf-dist/tex/latex/paralist/paralist.sty
Package: paralist 2013/06/09 v2.4 Extended list environments
\pltopsep=\skip43
\plpartopsep=\skip44
\plitemsep=\skip45
\plparsep=\skip46
\pl@lab=\toks20
)
(/usr/share/texlive/texmf-dist/tex/latex/mdwtools/mdwlist.sty
Package: mdwlist 1996/05/02 1.1 Various list-related things
)
(/usr/share/texlive/texmf-dist/tex/latex/subfig/subfig.sty
Package: subfig 2005/06/28 ver: 1.3 subfig package

(/usr/share/texlive/texmf-dist/tex/latex/caption/caption.sty
Package: caption 2013/05/02 v3.3-89 Customizing captions (AR)

(/usr/share/texlive/texmf-dist/tex/latex/caption/caption3.sty
Package: caption3 2013/05/02 v1.6-88 caption3 kernel (AR)
Package caption3 Info: TeX engine: e-TeX on input line 57.
\captionmargin=\dimen106
\captionmargin@=\dimen107
\captionwidth=\dimen108
\caption@tempdima=\dimen109
\caption@indent=\dimen110
\caption@parindent=\dimen111
\caption@hangindent=\dimen112
)
\c@ContinuedFloat=\count91
)
\c@KVtest=\count92
\sf@farskip=\skip47
\sf@captopadj=\dimen113
\sf@capskip=\skip48
\sf@nearskip=\skip49
\c@subfigure=\count93
\c@subfigure@save=\count94
\c@lofdepth=\count95
\c@subtable=\count96
\c@subtable@save=\count97
\c@lotdepth=\count98
\sf@top=\skip50
\sf@bottom=\skip51
)
(/usr/share/texlive/texmf-dist/tex/latex/pdfpages/pdfpages.sty
Package: pdfpages 2013/05/30 v0.4u Insert pages of external PDF documents (AM)

(/usr/share/texlive/texmf-dist/tex/latex/base/ifthen.sty
Package: ifthen 2001/05/26 v1.1c Standard LaTeX ifthen package (DPC)
)
(/usr/share/texlive/texmf-dist/tex/latex/tools/calc.sty
Package: calc 2007/08/22 v4.3 Infix arithmetic (KKT,FJ)
\calc@Acount=\count99
\calc@Bcount=\count100
\calc@Adimen=\dimen114
\calc@Bdimen=\dimen115
\calc@Askip=\skip52
\calc@Bskip=\skip53
LaTeX Info: Redefining \setlength on input line 76.
LaTeX Info: Redefining \addtolength on input line 77.
\calc@Ccount=\count101
\calc@Cskip=\skip54
)
(/usr/share/texlive/texmf-dist/tex/latex/eso-pic/eso-pic.sty
Package: eso-pic 2010/10/06 v2.0c eso-pic (RN)

(/usr/share/texlive/texmf-dist/tex/generic/oberdiek/atbegshi.sty
Package: atbegshi 2011/10/05 v1.16 At begin shipout hook (HO)

(/usr/share/texlive/texmf-dist/tex/generic/oberdiek/ifpdf.sty
Package: ifpdf 2011/01/30 v2.3 Provides the ifpdf switch (HO)
Package ifpdf Info: pdfTeX in PDF mode is detected.
)))
(/usr/share/texlive/texmf-dist/tex/latex/pdfpages/pppdftex.def
File: pppdftex.def 2013/05/30 v0.4u Pdfpages driver for pdfTeX (AM)
)
\AM@pagebox=\box26
\AM@toc@title=\toks21
\c@AM@survey=\count102
\AM@templatesizebox=\box27
)
(/usr/share/texlive/texmf-dist/tex/latex/hyperref/hyperref.sty
Package: hyperref 2012/11/06 v6.83m Hypertext links for LaTeX

(/usr/share/texlive/texmf-dist/tex/generic/oberdiek/hobsub-hyperref.sty
Package: hobsub-hyperref 2012/05/28 v1.13 Bundle oberdiek, subset hyperref (HO)


(/usr/share/texlive/texmf-dist/tex/generic/oberdiek/hobsub-generic.sty
Package: hobsub-generic 2012/05/28 v1.13 Bundle oberdiek, subset generic (HO)
Package: hobsub 2012/05/28 v1.13 Construct package bundles (HO)
Package hobsub Info: Skipping package `infwarerr' (already loaded).
Package hobsub Info: Skipping package `ltxcmds' (already loaded).
Package: ifluatex 2010/03/01 v1.3 Provides the ifluatex switch (HO)
Package ifluatex Info: LuaTeX not detected.
Package: ifvtex 2010/03/01 v1.5 Detect VTeX and its facilities (HO)
Package ifvtex Info: VTeX not detected.
Package: intcalc 2007/09/27 v1.1 Expandable calculations with integers (HO)
Package hobsub Info: Skipping package `ifpdf' (already loaded).
Package: etexcmds 2011/02/16 v1.5 Avoid name clashes with e-TeX commands (HO)
Package etexcmds Info: Could not find \expanded.
(etexcmds)             That can mean that you are not using pdfTeX 1.50 or
(etexcmds)             that some package has redefined \expanded.
(etexcmds)             In the latter case, load this package earlier.
Package: kvsetkeys 2012/04/25 v1.16 Key value parser (HO)
Package: kvdefinekeys 2011/04/07 v1.3 Define keys (HO)
Package: pdftexcmds 2011/11/29 v0.20 Utility functions of pdfTeX for LuaTeX (HO
)
Package pdftexcmds Info: LuaTeX not detected.
Package pdftexcmds Info: \pdf@primitive is available.
Package pdftexcmds Info: \pdf@ifprimitive is available.
Package pdftexcmds Info: \pdfdraftmode found.
Package: pdfescape 2011/11/25 v1.13 Implements pdfTeX's escape features (HO)
Package: bigintcalc 2012/04/08 v1.3 Expandable calculations on big integers (HO
)
Package: bitset 2011/01/30 v1.1 Handle bit-vector datatype (HO)
Package: uniquecounter 2011/01/30 v1.2 Provide unlimited unique counter (HO)
)
Package hobsub Info: Skipping package `hobsub' (already loaded).
Package: letltxmacro 2010/09/02 v1.4 Let assignment for LaTeX macros (HO)
Package: hopatch 2012/05/28 v1.2 Wrapper for package hooks (HO)
Package: xcolor-patch 2011/01/30 xcolor patch
Package: atveryend 2011/06/30 v1.8 Hooks at the very end of document (HO)
Package atveryend Info: \enddocument detected (standard20110627).
Package hobsub Info: Skipping package `atbegshi' (already loaded).
Package: refcount 2011/10/16 v3.4 Data extraction from label references (HO)
Package: hycolor 2011/01/30 v1.7 Color options for hyperref/bookmark (HO)
)
(/usr/share/texlive/texmf-dist/tex/generic/ifxetex/ifxetex.sty
Package: ifxetex 2010/09/12 v0.6 Provides ifxetex conditional
)
(/usr/share/texlive/texmf-dist/tex/latex/oberdiek/auxhook.sty
Package: auxhook 2011/03/04 v1.3 Hooks for auxiliary files (HO)
)
(/usr/share/texlive/texmf-dist/tex/latex/oberdiek/kvoptions.sty
Package: kvoptions 2011/06/30 v3.11 Key value format for package options (HO)
)
\@linkdim=\dimen116
\Hy@linkcounter=\count103
\Hy@pagecounter=\count104

(/usr/share/texlive/texmf-dist/tex/latex/hyperref/pd1enc.def
File: pd1enc.def 2012/11/06 v6.83m Hyperref: PDFDocEncoding definition (HO)
)
\Hy@SavedSpaceFactor=\count105

(/usr/share/texlive/texmf-dist/tex/latex/latexconfig/hyperref.cfg
File: hyperref.cfg 2002/06/06 v1.2 hyperref configuration of TeXLive
)
Package hyperref Info: Option `final' set `true' on input line 4319.
Package hyperref Info: Option `colorlinks' set `false' on input line 4319.
Package hyperref Info: Hyper figures OFF on input line 4443.
Package hyperref Info: Link nesting OFF on input line 4448.
Package hyperref Info: Hyper index ON on input line 4451.
Package hyperref Info: Plain pages OFF on input line 4458.
Package hyperref Info: Backreferencing OFF on input line 4463.
Package hyperref Info: Implicit mode ON; LaTeX internals redefined.
Package hyperref Info: Bookmarks ON on input line 4688.
\c@Hy@tempcnt=\count106

(/usr/share/texlive/texmf-dist/tex/latex/url/url.sty
\Urlmuskip=\muskip10
Package: url 2006/04/12  ver 3.3  Verb mode for urls, etc.
)
LaTeX Info: Redefining \url on input line 5041.
\XeTeXLinkMargin=\dimen117
\Fld@menulength=\count107
\Field@Width=\dimen118
\Fld@charsize=\dimen119
Package hyperref Info: Hyper figures OFF on input line 6295.
Package hyperref Info: Link nesting OFF on input line 6300.
Package hyperref Info: Hyper index ON on input line 6303.
Package hyperref Info: backreferencing OFF on input line 6310.
Package hyperref Info: Link coloring OFF on input line 6315.
Package hyperref Info: Link coloring with OCG OFF on input line 6320.
Package hyperref Info: PDF/A mode OFF on input line 6325.
LaTeX Info: Redefining \ref on input line 6365.
LaTeX Info: Redefining \pageref on input line 6369.
\Hy@abspage=\count108
\c@Item=\count109
\c@Hfootnote=\count110
)

Package hyperref Message: Driver: hpdftex.

(/usr/share/texlive/texmf-dist/tex/latex/hyperref/hpdftex.def
File: hpdftex.def 2012/11/06 v6.83m Hyperref driver for pdfTeX
\Fld@listcount=\count111
\c@bookmark@seq@number=\count112

(/usr/share/texlive/texmf-dist/tex/latex/oberdiek/rerunfilecheck.sty
Package: rerunfilecheck 2011/04/15 v1.7 Rerun checks for auxiliary files (HO)
Package uniquecounter Info: New unique counter `rerunfilecheck' on input line 2
82.
)
\Hy@SectionHShift=\skip55
)
(/usr/share/texlive/texmf-dist/tex/latex/bigfoot/perpage.sty
Package: perpage 2006/07/15 1.12 Reset/sort counters per page
\c@abspage=\count113
)
\c@pp@a@footnote=\count114

(/usr/share/texlive/texmf-dist/tex/latex/fancyhdr/fancyhdr.sty
\fancy@headwidth=\skip56
\f@ncyO@elh=\skip57
\f@ncyO@erh=\skip58
\f@ncyO@olh=\skip59
\f@ncyO@orh=\skip60
\f@ncyO@elf=\skip61
\f@ncyO@erf=\skip62
\f@ncyO@olf=\skip63
\f@ncyO@orf=\skip64
)
(/usr/share/texlive/texmf-dist/tex/latex/geometry/geometry.sty
Package: geometry 2010/09/12 v5.6 Page Geometry
\Gm@cnth=\count115
\Gm@cntv=\count116
\c@Gm@tempcnt=\count117
\Gm@bindingoffset=\dimen120
\Gm@wd@mp=\dimen121
\Gm@odd@mp=\dimen122
\Gm@even@mp=\dimen123
\Gm@layoutwidth=\dimen124
\Gm@layoutheight=\dimen125
\Gm@layouthoffset=\dimen126
\Gm@layoutvoffset=\dimen127
\Gm@dimlist=\toks22
)
(/usr/share/texlive/texmf-dist/tex/latex/listings/listings.sty
\lst@mode=\count118
\lst@gtempboxa=\box28
\lst@token=\toks23
\lst@length=\count119
\lst@currlwidth=\dimen128
\lst@column=\count120
\lst@pos=\count121
\lst@lostspace=\dimen129
\lst@width=\dimen130
\lst@newlines=\count122
\lst@lineno=\count123
\lst@maxwidth=\dimen131

(/usr/share/texlive/texmf-dist/tex/latex/listings/lstmisc.sty
File: lstmisc.sty 2013/07/10 1.5 (Carsten Heinz)
\c@lstnumber=\count124
\lst@skipnumbers=\count125
\lst@framebox=\box29
)
(/usr/share/texlive/texmf-dist/tex/latex/listings/listings.cfg
File: listings.cfg 2013/06/27 1.5pre1 listings configuration
))
Package: listings 2013/07/10 1.5 (Carsten Heinz)
 (./BP.aux)
\openout1 = `BP.aux'.

LaTeX Font Info:    Checking defaults for OML/cmm/m/it on input line 115.
LaTeX Font Info:    ... okay on input line 115.
LaTeX Font Info:    Checking defaults for T1/cmr/m/n on input line 115.
LaTeX Font Info:    ... okay on input line 115.
LaTeX Font Info:    Checking defaults for OT1/cmr/m/n on input line 115.
LaTeX Font Info:    ... okay on input line 115.
LaTeX Font Info:    Checking defaults for OMS/cmsy/m/n on input line 115.
LaTeX Font Info:    ... okay on input line 115.
LaTeX Font Info:    Checking defaults for OMX/cmex/m/n on input line 115.
LaTeX Font Info:    ... okay on input line 115.
LaTeX Font Info:    Checking defaults for U/cmr/m/n on input line 115.
LaTeX Font Info:    ... okay on input line 115.
LaTeX Font Info:    Checking defaults for PD1/pdf/m/n on input line 115.
LaTeX Font Info:    ... okay on input line 115.

(/usr/share/texlive/texmf-dist/tex/latex/ucs/ucsencs.def
File: ucsencs.def 2011/01/21 Fixes to fontencodings LGR, T3
)
(/usr/share/texlive/texmf-dist/tex/context/base/supp-pdf.mkii
[Loading MPS to PDF converter (version 2006.09.02).]
\scratchcounter=\count126
\scratchdimen=\dimen132
\scratchbox=\box30
\nofMPsegments=\count127
\nofMParguments=\count128
\everyMPshowfont=\toks24
\MPscratchCnt=\count129
\MPscratchDim=\dimen133
\MPnumerator=\count130
\makeMPintoPDFobject=\count131
\everyMPtoPDFconversion=\toks25
) (/usr/share/texlive/texmf-dist/tex/latex/oberdiek/epstopdf-base.sty
Package: epstopdf-base 2010/02/09 v2.5 Base part for package epstopdf

(/usr/share/texlive/texmf-dist/tex/latex/oberdiek/grfext.sty
Package: grfext 2010/08/19 v1.1 Manage graphics extensions (HO)
)
Package grfext Info: Graphics extension search list:
(grfext)             [.png,.pdf,.jpg,.mps,.jpeg,.jbig2,.jb2,.PNG,.PDF,.JPG,.JPE
G,.JBIG2,.JB2,.eps]
(grfext)             \AppendGraphicsExtensions on input line 452.

(/usr/share/texlive/texmf-dist/tex/latex/latexconfig/epstopdf-sys.cfg
File: epstopdf-sys.cfg 2010/07/13 v1.3 Configuration of (r)epstopdf for TeX Liv
e
))
Package caption Info: Begin \AtBeginDocument code.
Package caption Info: subfig package v1.3 is loaded.
Package caption Info: hyperref package is loaded.
Package caption Info: listings package is loaded.
Package caption Info: End \AtBeginDocument code.
\AtBeginShipoutBox=\box31
Package hyperref Info: Link coloring OFF on input line 115.

(/usr/share/texlive/texmf-dist/tex/latex/hyperref/nameref.sty
Package: nameref 2012/10/27 v2.43 Cross-referencing by name of section

(/usr/share/texlive/texmf-dist/tex/generic/oberdiek/gettitlestring.sty
Package: gettitlestring 2010/12/03 v1.4 Cleanup title references (HO)
)
\c@section@level=\count132
)
LaTeX Info: Redefining \ref on input line 115.
LaTeX Info: Redefining \pageref on input line 115.
LaTeX Info: Redefining \nameref on input line 115.

(./BP.out) (./BP.out)
\@outlinefile=\write3
\openout3 = `BP.out'.


*geometry* driver: auto-detecting
*geometry* detected driver: pdftex
*geometry* verbose mode - [ preamble ] result:
* driver: pdftex
* paper: a4paper
* layout: <same size as paper>
* layoutoffset:(h,v)=(0.0pt,0.0pt)
* modes: 
* h-part:(L,W,R)=(99.58464pt, 426.79135pt, 71.13188pt)
* v-part:(T,H,B)=(113.81102pt, 631.65118pt, 99.58464pt)
* \paperwidth=597.50787pt
* \paperheight=845.04684pt
* \textwidth=426.79135pt
* \textheight=631.65118pt
* \oddsidemargin=27.31465pt
* \evensidemargin=27.31465pt
* \topmargin=0.54103pt
* \headheight=16.0pt
* \headsep=25.0pt
* \topskip=12.0pt
* \footskip=30.0pt
* \marginparwidth=54.2025pt
* \marginparsep=10.0pt
* \columnsep=10.0pt
* \skip\footins=10.8pt plus 4.0pt minus 2.0pt
* \hoffset=0.0pt
* \voffset=0.0pt
* \mag=1000
* \@twocolumnfalse
* \@twosidefalse
* \@mparswitchfalse
* \@reversemarginfalse
* (1in=72.27pt=25.4mm, 1cm=28.453pt)

\c@lstlisting=\count133
(./titulbp.tex (/usr/share/texlive/texmf-dist/tex/latex/ucs/data/uni-1.def
File: uni-1.def 2013/05/13 UCS: Unicode data U+0100..U+01FF
)
(/usr/share/texlive/texmf-dist/tex/latex/ucs/data/uni-0.def
File: uni-0.def 2013/05/13 UCS: Unicode data U+0000..U+00FF
) [1

{/var/lib/texmf/fonts/map/pdftex/updmap/pdftex.map}]
<logo_cvut_cb.pdf, id=139, 366.97101pt x 279.444pt>
File: logo_cvut_cb.pdf Graphic file (type pdf)
 <use logo_cvut_cb.pdf>
Package pdftex.def Info: logo_cvut_cb.pdf used on input line 40.
(pdftex.def)             Requested size: 85.35826pt x 64.99564pt.
)
[2 <./logo_cvut_cb.pdf>] (./listsezadanim.tex
<../formulare/zadanibp.pdf, id=146, 597.55246pt x 845.07718pt>
File: ../formulare/zadanibp.pdf Graphic file (type pdf)

<use ../formulare/zadanibp.pdf>
Package pdftex.def Info: ../formulare/zadanibp.pdf used on input line 5.
(pdftex.def)             Requested size: 597.551pt x 845.07512pt.
File: ../formulare/zadanibp.pdf Graphic file (type pdf)
 <use ../formulare/zadanibp.pdf>
Package pdftex.def Info: ../formulare/zadanibp.pdf used on input line 5.
(pdftex.def)             Requested size: 597.551pt x 845.07512pt.

<../formulare/zadanibp.pdf, id=147, page=1, 597.55246pt x 845.07718pt>
File: ../formulare/zadanibp.pdf Graphic file (type pdf)

<use ../formulare/zadanibp.pdf, page 1>
Package pdftex.def Info: ../formulare/zadanibp.pdf, page1 used on input line 5.

(pdftex.def)             Requested size: 597.551pt x 845.07512pt.
File: ../formulare/zadanibp.pdf Graphic file (type pdf)

<use ../formulare/zadanibp.pdf, page 1>
Package pdftex.def Info: ../formulare/zadanibp.pdf, page1 used on input line 5.

(pdftex.def)             Requested size: 597.57834pt x 845.1138pt.
File: ../formulare/zadanibp.pdf Graphic file (type pdf)

<use ../formulare/zadanibp.pdf, page 1>
Package pdftex.def Info: ../formulare/zadanibp.pdf, page1 used on input line 5.

(pdftex.def)             Requested size: 597.57834pt x 845.1138pt.
File: ../formulare/zadanibp.pdf Graphic file (type pdf)

<use ../formulare/zadanibp.pdf, page 1>
Package pdftex.def Info: ../formulare/zadanibp.pdf, page1 used on input line 5.

(pdftex.def)             Requested size: 597.57834pt x 845.1138pt.
File: ../formulare/zadanibp.pdf Graphic file (type pdf)

<use ../formulare/zadanibp.pdf, page 1>
Package pdftex.def Info: ../formulare/zadanibp.pdf, page1 used on input line 5.

(pdftex.def)             Requested size: 597.57834pt x 845.1138pt.
 [3 <../formulare/zadanibp.pdf>])
[4] (./prohlaseniapodekovani.tex
(/usr/share/texlive/texmf-dist/tex/latex/ucs/data/uni-32.def
File: uni-32.def 2013/05/13 UCS: Unicode data U+2000..U+20FF
)
LaTeX Font Info:    External font `cmex10' loaded for size
(Font)              <12> on input line 11.
LaTeX Font Info:    External font `cmex10' loaded for size
(Font)              <8> on input line 11.
LaTeX Font Info:    External font `cmex10' loaded for size
(Font)              <6> on input line 11.
 [5] [6])
(./BP.toc [7])
\tf@toc=\write4
\openout4 = `BP.toc'.

 [8]
Overfull \hbox (11.31833pt too wide) in paragraph at lines 158--159
[]\OT1/cmr/m/n/12 Modelov^^San^^S^^P de^^Tst[]ov^^Sych sr^^Sa^^Tzek je jed-nou 
z velk^^Sych dis-cipl^^S^^Pn z oboru en-vi-ro-ment^^Saln^^S^^Pho
 []

[9] [10]

Package hyperref Warning: Composite letter `\textasciicaron+e'
(hyperref)                not defined in PD1 encoding,
(hyperref)                removing `\textasciicaron' on input line 168.


Package hyperref Warning: Composite letter `\textasciicaron+r'
(hyperref)                not defined in PD1 encoding,
(hyperref)                removing `\textasciicaron' on input line 168.


Package hyperref Warning: Composite letter `\textasciicaron+t'
(hyperref)                not defined in PD1 encoding,
(hyperref)                removing `\textasciicaron' on input line 168.


Package hyperref Warning: Composite letter `\textasciicaron+c'
(hyperref)                not defined in PD1 encoding,
(hyperref)                removing `\textasciicaron' on input line 170.


Package hyperref Warning: Composite letter `\textasciicaron+e'
(hyperref)                not defined in PD1 encoding,
(hyperref)                removing `\textasciicaron' on input line 170.


Package hyperref Warning: Composite letter `\textasciicaron+c'
(hyperref)                not defined in PD1 encoding,
(hyperref)                removing `\textasciicaron' on input line 180.


Package hyperref Warning: Composite letter `\textasciicaron+e'
(hyperref)                not defined in PD1 encoding,
(hyperref)                removing `\textasciicaron' on input line 180.


Package hyperref Warning: Composite letter `\textasciicaron+r'
(hyperref)                not defined in PD1 encoding,
(hyperref)                removing `\textasciicaron' on input line 180.

[11]

Package hyperref Warning: Composite letter `\textasciicaron+e'
(hyperref)                not defined in PD1 encoding,
(hyperref)                removing `\textasciicaron' on input line 184.


Overfull \hbox (9.76595pt too wide) in paragraph at lines 189--190
[]\OT1/cmr/m/n/12 je je-den z ne-jed-nodu^^Ts^^Ts^^S^^Pch typ^^Wu sr^^Sa^^Tzkom
^^Teru. Je tvo^^Tren v^^Salcem s n^^Salevkou,
 []


Overfull \hbox (7.97267pt too wide) in paragraph at lines 199--200
[]\OT1/cmr/bx/n/12 V^^Syhody \OT1/cmr/m/n/12 om-bro-grafu jsou v mo^^Tznosti ko
n-tinu^^Saln^^S^^Pho sle-dov^^San^^S^^P sr^^Sa^^Tzkov^^Sych ^^Suhrn^^Wu. 
 []

[12]
Overfull \hbox (20.22623pt too wide) in paragraph at lines 209--210
\OT1/cmr/m/n/12 do-state^^Tcn^^Te rychl^^Seho p^^Trekl^^Sap^^Ten^^S^^P ^^Tclunk
u v^^Sysledn^^Se ^^Suhrny sr^^Sa^^Tzek b^^Syt podhodnoceny.[[]] 
 []


Overfull \hbox (7.69302pt too wide) in paragraph at lines 215--216
\OT1/cmr/m/n/12 p^^Tresnost v^^Sahov^^Seho sr^^Sa^^Tzkom^^Teru nen^^S^^P z^^Sav
isl^^Sa na in-ten-zit^^Te sr^^Sa^^Tzek oproti sr^^Sa^^Tzkom^^Teru
 []

[13]
Overfull \hbox (34.05511pt too wide) in paragraph at lines 227--228
[]\OT1/cmr/m/n/12 maj^^S^^P vyh^^Tr^^S^^Pvan^^Se ^^Tclunkov^^Se sr^^Sa^^Tzkom^^
Tery. Jsou zp^^Wusobeny vypa^^Trov^^San^^S^^Pm
 []


Overfull \hbox (5.6843pt too wide) in paragraph at lines 228--229
[]\OT1/cmr/m/n/12 je hlavn^^S^^Pm probl^^Semem ^^Tclunkov^^Sych sr^^Sa^^Tzkom^^
Teru. P^^Tri velk^^Sych de^^Tst^^S^^Pch
 []

[14]
Overfull \hbox (4.78612pt too wide) in paragraph at lines 233--234
\OT1/cmr/m/n/12 Radarov^^Sa m^^Te^^Tren^^S^^P d^^S^^Pky plo^^Tsn^^Semu po-kryt^
^S^^P a dobr^^Semu pro-sto-rov^^Semu i ^^Tcasov^^Semu rozli^^Tsen^^S^^P
 []


Overfull \hbox (0.80421pt too wide) in paragraph at lines 233--234
\OT1/cmr/m/n/12 dat jsou vhodn^^Se pro sy-nop-tic-kou a le-tec-kou me-te-o-ro-l
o-gii. Po-sky-tuj^^S^^P p^^Trehled v re^^Saln^^Sem
 []


Overfull \hbox (12.62793pt too wide) in paragraph at lines 233--234
\OT1/cmr/m/n/12 ^^Tcase o po-hybu a struktu^^Tre sr^^Sa^^Tzkov^^Sych syst^^Sem^
^Wu, umo^^Tz^^Tnuj^^S^^P velmi kr^^Satkodobou p^^Tredpov^^Ted[]
 []

<./img/srazky/0612032030-gif.png, id=351, 401.5pt x 301.125pt>
File: ./img/srazky/0612032030-gif.png Graphic file (type png)

<use ./img/srazky/0612032030-gif.png>
Package pdftex.def Info: ./img/srazky/0612032030-gif.png used on input line 247
.
(pdftex.def)             Requested size: 213.39568pt x 160.05037pt.
LaTeX Font Info:    External font `cmex10' loaded for size
(Font)              <7> on input line 251.
LaTeX Font Info:    External font `cmex10' loaded for size
(Font)              <5> on input line 251.

Overfull \hbox (26.88449pt too wide) in paragraph at lines 244--252
\OT1/cmr/m/n/12 Tato chyba tvo^^Tr^^S^^P ob^^Tcasn^^Se jed-not-liv^^Se pi-xely 
s ma-lou od-ra-zi-vost^^S^^P, p^^Tr^^S^^Ppadn^^Te soust^^Tred^^Ten^^Se
 []

[15] <./img/srazky/0706181530-gif.png, id=368, 401.5pt x 301.125pt>
File: ./img/srazky/0706181530-gif.png Graphic file (type png)

<use ./img/srazky/0706181530-gif.png>
Package pdftex.def Info: ./img/srazky/0706181530-gif.png used on input line 257
.
(pdftex.def)             Requested size: 213.39568pt x 160.05037pt.

<./img/srazky/microwave_link.png, id=372, 530.9436pt x 388.8126pt>
File: ./img/srazky/microwave_link.png Graphic file (type png)

<use ./img/srazky/microwave_link.png>
Package pdftex.def Info: ./img/srazky/microwave_link.png used on input line 287
.
(pdftex.def)             Requested size: 213.39568pt x 156.2698pt.
 [16 <./img/srazky/0612032030-gif.png> <./img/srazky/0706181530-gif.png>]
Overfull \hbox (3.51112pt too wide) in paragraph at lines 293--294
\OT1/cmr/m/n/12 pro te-le-ko-mu-ni-kace. Ve-d-lej^^Ts^^S^^Pm pro-duk-tem t^^Set
o ko-mu-ni-kace je ^^Sudaj o in-ten-zit^^Te sign^^Salu,
 []

[17 <./img/srazky/microwave_link.png>]

Package hyperref Warning: Composite letter `\textasciicaron+c'
(hyperref)                not defined in PD1 encoding,
(hyperref)                removing `\textasciicaron' on input line 296.


Package hyperref Warning: Composite letter `\textasciicaron+e'
(hyperref)                not defined in PD1 encoding,
(hyperref)                removing `\textasciicaron' on input line 307.


Package hyperref Warning: Composite letter `\textasciicaron+r'
(hyperref)                not defined in PD1 encoding,
(hyperref)                removing `\textasciicaron' on input line 307.


Package hyperref Warning: Composite letter `\textasciicaron+c'
(hyperref)                not defined in PD1 encoding,
(hyperref)                removing `\textasciicaron' on input line 329.


Package hyperref Warning: Composite letter `\textasciicaron+C'
(hyperref)                not defined in PD1 encoding,
(hyperref)                removing `\textasciicaron' on input line 335.


Package hyperref Warning: Composite letter `\textasciicaron+e'
(hyperref)                not defined in PD1 encoding,
(hyperref)                removing `\textasciicaron' on input line 337.


Package hyperref Warning: Composite letter `\textasciicaron+r'
(hyperref)                not defined in PD1 encoding,
(hyperref)                removing `\textasciicaron' on input line 338.


Package hyperref Warning: Composite letter `\textasciicaron+r'
(hyperref)                not defined in PD1 encoding,
(hyperref)                removing `\textasciicaron' on input line 340.


Package hyperref Warning: Composite letter `\textasciicaron+c'
(hyperref)                not defined in PD1 encoding,
(hyperref)                removing `\textasciicaron' on input line 340.


Package hyperref Warning: Composite letter `\textasciicaron+e'
(hyperref)                not defined in PD1 encoding,
(hyperref)                removing `\textasciicaron' on input line 357.

[18] [19]
Overfull \vbox (69.61632pt too high) has occurred while \output is active []


[20] [21]
LaTeX Font Info:    Try loading font information for OML+cmr on input line 399.

 (/usr/share/texlive/texmf-dist/tex/latex/base/omlcmr.fd
File: omlcmr.fd 1999/05/25 v2.5h Standard LaTeX font definitions
)
LaTeX Font Info:    Font shape `OML/cmr/m/n' in size <12> not available
(Font)              Font shape `OML/cmm/m/it' tried instead on input line 399.

Underfull \hbox (badness 5756) in paragraph at lines 433--435
[]\OT1/cmr/m/n/12 RECOMMENDATION ITU-R P.838-3. \OT1/cmr/m/it/12 Spe-ci-fic at-
te-nuation mo-del for
 []


Underfull \hbox (badness 10000) in paragraph at lines 433--435
\OT1/cmr/m/it/12 rain for use in pre-diction me-thods\OT1/cmr/m/n/12 . ITU-R, (
1992-1999-2003-2005).
 []


Underfull \hbox (badness 10000) in paragraph at lines 433--435
\OT1/cmr/m/n/12 URL:\OML/cmm/m/it/12 <[]$\OT1/cmtt/m/n/12 https : / / www . itu
 . int / dms _ pubrec / itu-[]r / rec / p / R-[]REC-[]P .
 []

[22]
Package atveryend Info: Empty hook `BeforeClearDocument' on input line 440.
 [23]
Package atveryend Info: Empty hook `AfterLastShipout' on input line 440.
 (./BP.aux)
Package atveryend Info: Executing hook `AtVeryEndDocument' on input line 440.
Package atveryend Info: Executing hook `AtEndAfterFileList' on input line 440.
Package rerunfilecheck Info: File `BP.out' has not changed.
(rerunfilecheck)             Checksum: 077CEF4BE87792101041D49B4165B3EA;2154.
Package atveryend Info: Empty hook `AtVeryVeryEnd' on input line 440.
 ) 
Here is how much of TeX's memory you used:
 11813 strings out of 494997
 170918 string characters out of 6180234
 270705 words of memory out of 5000000
 14768 multiletter control sequences out of 15000+600000
 11940 words of font info for 42 fonts, out of 8000000 for 9000
 24 hyphenation exceptions out of 8191
 44i,18n,45p,1425b,624s stack positions out of 5000i,500n,10000p,200000b,80000s
</usr/share/texlive/texmf-dist/fonts/type1/public/amsfonts/cm/cmbx10.pfb></us
r/share/texlive/texmf-dist/fonts/type1/public/amsfonts/cm/cmbx12.pfb></usr/shar
e/texlive/texmf-dist/fonts/type1/public/amsfonts/cm/cmcsc10.pfb></usr/share/tex
live/texmf-dist/fonts/type1/public/amsfonts/cm/cmmi12.pfb></usr/share/texlive/t
exmf-dist/fonts/type1/public/amsfonts/cm/cmr10.pfb></usr/share/texlive/texmf-di
st/fonts/type1/public/amsfonts/cm/cmr12.pfb></usr/share/texlive/texmf-dist/font
s/type1/public/amsfonts/cm/cmr7.pfb></usr/share/texlive/texmf-dist/fonts/type1/
public/amsfonts/cm/cmr8.pfb></usr/share/texlive/texmf-dist/fonts/type1/public/a
msfonts/cm/cmsl12.pfb></usr/share/texlive/texmf-dist/fonts/type1/public/amsfont
s/cm/cmssbx10.pfb></usr/share/texlive/texmf-dist/fonts/type1/public/amsfonts/cm
/cmsy10.pfb></usr/share/texlive/texmf-dist/fonts/type1/public/amsfonts/cm/cmti1
2.pfb></usr/share/texlive/texmf-dist/fonts/type1/public/amsfonts/cm/cmtt10.pfb>
</usr/share/texlive/texmf-dist/fonts/type1/public/amsfonts/cm/cmtt12.pfb>
Output written on BP.pdf (23 pages, 686073 bytes).
PDF statistics:
 503 PDF objects out of 1000 (max. 8388607)
 398 compressed objects within 4 object streams
 85 named destinations out of 1000 (max. 500000)
 287 words of extra memory for PDF output out of 10000 (max. 10000000)

