\BOOKMARK [1][-]{section*.2}{\332vod}{}% 1
\BOOKMARK [1][-]{section.1}{Meren\355 de\235tov\375ch sr\341\236ek}{}% 2
\BOOKMARK [2][-]{subsection.1.1}{Historie strucne}{section.1}% 3
\BOOKMARK [2][-]{subsection.1.2}{Soucasn\351 n\341stroje na meren\355 a odhad sr\341\236ek}{section.1}% 4
\BOOKMARK [3][-]{subsubsection.1.2.1}{Sr\341\236komery}{subsection.1.2}% 5
\BOOKMARK [3][-]{subsubsection.1.2.2}{Radar}{subsection.1.2}% 6
\BOOKMARK [3][-]{subsubsection.1.2.3}{Satelitn\355 dru\236ice}{subsection.1.2}% 7
\BOOKMARK [2][-]{subsection.1.3}{Mikrovlnn\351 spoje}{section.1}% 8
\BOOKMARK [3][-]{subsubsection.1.3.1}{Problematika}{subsection.1.3}% 9
\BOOKMARK [3][-]{subsubsection.1.3.2}{V\375pocet sr\341\236ky}{subsection.1.3}% 10
\BOOKMARK [3][-]{subsubsection.1.3.3}{Srovn\341n\355 s ostatn\355mi metodami}{subsection.1.3}% 11
\BOOKMARK [3][-]{subsubsection.1.3.4}{Potenci\341l v hydrometeorologii}{subsection.1.3}% 12
\BOOKMARK [1][-]{section.2}{Interpolace sr\341\236ek}{}% 13
\BOOKMARK [1][-]{section.3}{GRASS GIS modul}{}% 14
\BOOKMARK [2][-]{subsection.3.1}{Funkcionalita}{section.3}% 15
\BOOKMARK [2][-]{subsection.3.2}{Implementacn\355 n\341stroje}{section.3}% 16
\BOOKMARK [3][-]{subsubsection.3.2.1}{GRASS API}{subsection.3.2}% 17
\BOOKMARK [3][-]{subsubsection.3.2.2}{PostgreSQL}{subsection.3.2}% 18
\BOOKMARK [3][-]{subsubsection.3.2.3}{Psycopg?}{subsection.3.2}% 19
\BOOKMARK [2][-]{subsection.3.3}{Vstup}{section.3}% 20
\BOOKMARK [2][-]{subsection.3.4}{V\375stup}{section.3}% 21
\BOOKMARK [1][-]{section.4}{Casoprostorov\351 anal\375zy}{}% 22
\BOOKMARK [2][-]{subsection.4.1}{Vyu\236itelnost}{section.4}% 23
\BOOKMARK [1][-]{section.5}{Z\341ver}{}% 24
\BOOKMARK [1][-]{section.6}{Pr\355loha}{}% 25
\BOOKMARK [2][-]{subsection.6.1}{Dokumentace}{section.6}% 26
\BOOKMARK [2][-]{subsection.6.2}{U\236ivatelsk\341 pr\355rucka}{section.6}% 27
\BOOKMARK [3][-]{subsubsection.6.2.1}{GRASS GIS \205 ps.map}{subsection.6.2}% 28
\BOOKMARK [2][-]{subsection.6.3}{Porovn\341n\355 programu z hlediska u\236ivatelsk\351ho rozhran\355}{section.6}% 29
\BOOKMARK [3][-]{subsubsection.6.3.1}{Obecn\351 z\341sady GUI}{subsection.6.3}% 30
\BOOKMARK [3][-]{subsubsection.6.3.2}{ArcGIS}{subsection.6.3}% 31
\BOOKMARK [3][-]{subsubsection.6.3.3}{gvSIG}{subsection.6.3}% 32
\BOOKMARK [3][-]{subsubsection.6.3.4}{QGIS}{subsection.6.3}% 33
\BOOKMARK [2][-]{subsection.6.4}{Shrnut\355 porovn\341n\355}{section.6}% 34
\BOOKMARK [3][-]{subsubsection.6.4.1}{Uk\341zky mapov\375ch v\375stupu}{subsection.6.4}% 35
\BOOKMARK [1][-]{section.7}{Syst\351m GRASS GIS}{}% 36
\BOOKMARK [2][-]{subsection.7.1}{Z\341kladn\355 pojmy}{section.7}% 37
\BOOKMARK [2][-]{subsection.7.2}{GUI syst\351mu GRASS}{section.7}% 38
\BOOKMARK [2][-]{subsection.7.3}{Modul ps.map}{section.7}% 39
\BOOKMARK [3][-]{subsubsection.7.3.1}{Konfiguracn\355 soubor}{subsection.7.3}% 40
\BOOKMARK [3][-]{subsubsection.7.3.2}{Volba rozsahu zobrazovan\351ho \372zem\355}{subsection.7.3}% 41
\BOOKMARK [3][-]{subsubsection.7.3.3}{Nekonzistence a chyby v modulu ps.map}{subsection.7.3}% 42
\BOOKMARK [1][-]{section.8}{GUI wx.psmap pro modul ps.map}{}% 43
\BOOKMARK [2][-]{subsection.8.1}{Instalace wx.psmap}{section.8}% 44
\BOOKMARK [2][-]{subsection.8.2}{Podklady a pou\236it\351 knihovny}{section.8}% 45
\BOOKMARK [2][-]{subsection.8.3}{Funkcionalita aplikace wx.psmap}{section.8}% 46
\BOOKMARK [2][-]{subsection.8.4}{Vzhled a ovl\341d\341n\355 wx.psmap}{section.8}% 47
\BOOKMARK [2][-]{subsection.8.5}{Probl\351my pri tvorbe wx.psmap}{section.8}% 48
\BOOKMARK [2][-]{subsection.8.6}{Budouc\355 v\375voj aplikace wx.psmap}{section.8}% 49
\BOOKMARK [1][-]{section*.39}{Z\341ver}{}% 50
\BOOKMARK [1][-]{section*.41}{Seznam pou\236it\375ch zkratek}{}% 51
\BOOKMARK [1][-]{section*.43}{Pou\236it\351 zdroje}{}% 52
\BOOKMARK [1][-]{appendix.A}{Instalace syst\351mu GRASS}{}% 53
